2025-09-23 19:21:53, MOVE, v:1, k:animal, mode:DOWN
2025-09-23 19:23:51, MOVE, v:1, k:toalha, mode:PICK
2025-09-23 19:25:34, EXEC, v:1, k:toalha, mode:FREE, size:17
2025-09-23 19:51:04, MOVE, v:1, k:toalha, mode:BACK
2025-09-23 19:51:07, MOVE, v:1, k:animal, mode:PICK
2025-09-23 19:51:15, EXEC, v:1, k:animal, mode:FULL, rate:0, size:0
2025-09-23 20:01:54, MOVE, v:1, k:animal, mode:BACK
2025-09-23 20:01:57, MOVE, v:1, k:toalha, mode:PICK
2025-09-23 20:01:59, EXEC, v:1, k:toalha, mode:LOCK, rate:0, size:17
2025-09-23 22:00:31, MOVE, v:1, k:toalha, mode:PICK
2025-09-23 22:00:35, EXEC, v:1, k:toalha, mode:LOCK, rate:0
2025-09-23 22:02:00, MOVE, v:1, k:toalha, mode:BACK
2025-09-23 22:11:25, MOVE, v:1, k:toalha, mode:PICK
2025-09-23 22:11:27, EXEC, v:1, k:toalha, mode:LOCK, rate:100, size:21
2025-09-23 23:32:46, MOVE, v:1, k:toalha, mode:PICK
2025-09-23 23:34:04, MOVE, v:1, k:toalha, mode:PICK
2025-09-23 23:34:08, EXEC, v:1, k:toalha, mode:LOCK, rate:100, size:25
2025-09-23 23:34:12, EXEC, v:1, k:toalha, mode:FREE
2025-09-23 23:37:34, EXEC, v:1, k:toalha, mode:FREE, size:31
2025-09-23 23:43:32, EXEC, v:1, k:toalha, mode:FREE, size:31
