2025-09-28 18:21:46, MOVE, v:1, k:enxugar, mode:PICK
2025-09-28 18:21:47, EXEC, v:1, k:enxugar, mode:FULL, rate:100
2025-09-28 18:21:51, MOVE, v:1, k:enxugar, mode:BACK
2025-09-28 18:21:54, MOVE, v:1, k:animal, mode:PICK
2025-09-28 18:21:55, EXEC, v:1, k:animal, mode:FULL, rate:0, size:6
2025-09-28 18:35:21, EXEC, v:1, k:animal, mode:FULL, rate:0, size:10
2025-09-28 18:35:22, EXEC, v:1, k:animal, mode:FULL, rate:0
2025-09-28 18:35:22, EXEC, v:1, k:animal, mode:FULL, rate:0
2025-09-28 18:38:10, EXEC, v:1, k:animal, mode:FULL, rate:0, size:11
2025-09-28 18:38:10, EXEC, v:1, k:animal, mode:FULL, rate:0, size:11
2025-09-28 18:38:11, EXEC, v:1, k:animal, mode:FULL, rate:0, size:11
2025-09-28 18:38:11, EXEC, v:1, k:animal, mode:FULL, rate:0, size:11
2025-09-28 18:38:11, EXEC, v:1, k:animal, mode:FULL, rate:0, size:11
2025-09-28 18:41:08, EXEC, v:1, k:animal, mode:FULL, rate:0, size:11
2025-09-28 18:44:03, EXEC, v:1, k:animal, mode:FULL, rate:0, size:11
2025-09-28 18:44:05, EXEC, v:1, k:animal, mode:FULL, rate:0
2025-09-28 18:53:06, EXEC, v:1, k:animal, mode:FULL, rate:0, size:20
2025-09-28 18:55:51, EXEC, v:1, k:animal, mode:FULL, rate:0, size:18
2025-09-28 18:56:08, EXEC, v:1, k:animal, mode:FULL, rate:0, size:18
2025-09-28 19:02:33, EXEC, v:1, k:animal, mode:FULL, rate:0, size:23
2025-09-28 19:02:54, EXEC, v:1, k:animal, mode:FULL, rate:0, size:22
2025-09-28 19:05:47, EXEC, v:1, k:animal, mode:FULL, rate:0, size:23
2025-09-28 19:06:01, EXEC, v:1, k:animal, mode:FULL, rate:0, size:23
2025-09-28 19:07:02, EXEC, v:1, k:animal, mode:FULL, rate:0, size:23
2025-09-28 19:07:26, EXEC, v:1, k:animal, mode:FULL, rate:0, size:23
2025-09-28 19:07:39, EXEC, v:1, k:animal, mode:FULL, rate:0
2025-09-28 19:07:53, EXEC, v:1, k:animal, mode:FULL, rate:0, size:23
2025-09-28 19:12:59, EXEC, v:1, k:animal, mode:FULL, rate:0, size:24
2025-09-28 19:13:19, EXEC, v:1, k:animal, mode:FULL, rate:0, size:24
2025-09-28 19:13:36, EXEC, v:1, k:animal, mode:FULL, rate:0, size:26
2025-09-28 19:19:04, EXEC, v:1, k:animal, mode:FULL, rate:0, size:30
2025-09-28 19:19:04, EXEC, v:1, k:animal, mode:FULL, rate:0, size:30
2025-09-28 19:30:04, EXEC, v:1, k:animal, mode:FULL, rate:0, size:36
2025-09-28 19:30:12, EXEC, v:1, k:animal, mode:FREE
2025-09-28 19:32:22, MOVE, v:1, k:animal, mode:PICK
2025-09-28 19:32:24, EXEC, v:1, k:animal, mode:FULL, rate:0, size:37
2025-09-28 19:41:04, EXEC, v:1, k:animal, mode:FULL, rate:0, size:42
2025-09-28 19:41:05, EXEC, v:1, k:animal, mode:FULL, rate:0
2025-09-28 19:41:07, EXEC, v:1, k:animal, mode:FULL, rate:0
2025-09-28 19:41:07, EXEC, v:1, k:animal, mode:FULL, rate:0
2025-09-28 19:41:08, EXEC, v:1, k:animal, mode:FULL, rate:0
2025-09-28 19:41:10, EXEC, v:1, k:animal, mode:FREE
2025-09-28 19:41:34, MOVE, v:1, k:animal, mode:PICK
2025-09-28 19:45:02, EXEC, v:1, k:animal, mode:FREE, size:42
2025-09-28 19:51:43, MOVE, v:1, k:enxugar, mode:PICK
2025-09-28 19:51:44, EXEC, v:1, k:enxugar, mode:FREE
2025-09-28 19:52:53, MOVE, v:1, k:animal, mode:PICK
2025-09-28 19:52:55, EXEC, v:1, k:animal, mode:FREE, size:49
2025-09-28 19:55:38, MOVE, v:1, k:animal, mode:PICK
2025-09-28 19:55:39, EXEC, v:1, k:animal, mode:FREE, size:51
2025-09-28 19:56:59, MOVE, v:1, k:animal, mode:PICK
2025-09-28 19:57:00, EXEC, v:1, k:animal, mode:FULL, rate:0
2025-09-28 19:59:10, EXEC, v:1, k:animal, mode:FULL, rate:0, size:52
2025-09-28 19:59:11, EXEC, v:1, k:animal, mode:FULL, rate:0
2025-09-28 19:59:35, EXEC, v:1, k:animal, mode:FULL, rate:0, size:51
2025-09-28 20:16:22, EXEC, v:1, k:animal, mode:FULL, rate:0
2025-09-28 20:16:58, EXEC, v:1, k:animal, mode:FULL, rate:0, size:65
2025-09-28 20:16:59, EXEC, v:1, k:animal, mode:FULL, rate:0
2025-09-28 20:16:59, EXEC, v:1, k:animal, mode:FULL, rate:0
2025-09-28 20:17:42, EXEC, v:1, k:animal, mode:FULL, rate:0, size:49
2025-09-28 20:17:53, EXEC, v:1, k:animal, mode:FULL, rate:0, size:65
2025-09-28 20:18:41, EXEC, v:1, k:animal, mode:FULL, rate:25, size:35
2025-09-28 20:20:15, EXEC, v:1, k:animal, mode:FULL, rate:0, size:49
2025-09-28 20:31:06, MOVE, v:1, k:animal, mode:BACK
2025-09-28 20:31:13, MOVE, v:1, k:enxugar, mode:PICK
2025-09-28 20:31:15, EXEC, v:1, k:enxugar, mode:FULL, rate:100
2025-09-28 20:31:27, MOVE, v:1, k:enxugar, mode:BACK
2025-09-28 20:31:35, MOVE, v:1, k:animal, mode:PICK
2025-09-28 20:31:37, EXEC, v:1, k:animal, mode:FULL, rate:0
2025-09-28 20:32:50, EXEC, v:1, k:animal, mode:FULL, rate:0, size:49
2025-09-28 20:33:00, EXEC, v:1, k:animal, mode:FULL, rate:0, size:49
2025-09-28 20:33:16, EXEC, v:1, k:animal, mode:FULL, rate:0, size:51
2025-09-28 20:34:57, EXEC, v:1, k:animal, mode:FULL, rate:0, size:39
2025-09-28 20:35:11, EXEC, v:1, k:animal, mode:FULL, rate:0
2025-09-28 20:35:36, EXEC, v:1, k:animal, mode:FULL, rate:0, size:51
2025-09-28 20:36:31, EXEC, v:1, k:animal, mode:FULL, rate:0, size:51
2025-09-28 20:38:38, EXEC, v:1, k:animal, mode:FULL, rate:0, size:52
2025-09-28 20:39:11, EXEC, v:1, k:animal, mode:FULL, rate:0, size:51
2025-09-28 20:54:46, EXEC, v:1, k:animal, mode:FULL, rate:0, size:17
2025-09-28 20:54:55, EXEC, v:1, k:animal, mode:FULL, rate:0, size:15
2025-09-28 20:56:25, MOVE, v:1, k:animal, mode:BACK
2025-09-28 20:56:28, MOVE, v:1, k:enxugar, mode:PICK
2025-09-28 20:56:30, EXEC, v:1, k:enxugar, mode:FULL, rate:100, size:57
2025-09-28 20:56:31, EXEC, v:1, k:enxugar, mode:FULL, rate:100
2025-09-28 20:56:32, EXEC, v:1, k:enxugar, mode:FULL, rate:100
2025-09-28 20:56:33, EXEC, v:1, k:enxugar, mode:FULL, rate:100
2025-09-28 20:56:33, EXEC, v:1, k:enxugar, mode:FULL, rate:100
2025-09-28 20:56:33, EXEC, v:1, k:enxugar, mode:FULL, rate:100
2025-09-28 20:56:33, EXEC, v:1, k:enxugar, mode:FULL, rate:100
2025-09-28 20:56:34, EXEC, v:1, k:enxugar, mode:FULL, rate:100
2025-09-28 20:56:34, EXEC, v:1, k:enxugar, mode:FULL, rate:100
2025-09-28 20:56:34, EXEC, v:1, k:enxugar, mode:FULL, rate:100
2025-09-28 20:56:34, EXEC, v:1, k:enxugar, mode:FULL, rate:100
2025-09-28 20:56:35, EXEC, v:1, k:enxugar, mode:FULL, rate:100
2025-09-28 20:56:35, EXEC, v:1, k:enxugar, mode:FULL, rate:100
2025-09-28 20:56:35, EXEC, v:1, k:enxugar, mode:FULL, rate:100
2025-09-28 20:56:35, EXEC, v:1, k:enxugar, mode:FULL, rate:100
2025-09-28 20:56:36, EXEC, v:1, k:enxugar, mode:FULL, rate:100
2025-09-28 20:56:36, EXEC, v:1, k:enxugar, mode:FULL, rate:100
2025-09-28 20:56:36, EXEC, v:1, k:enxugar, mode:FULL, rate:100
2025-09-28 20:56:36, EXEC, v:1, k:enxugar, mode:FULL, rate:100
2025-09-28 20:56:37, EXEC, v:1, k:enxugar, mode:FULL, rate:100
2025-09-28 20:56:37, EXEC, v:1, k:enxugar, mode:FULL, rate:100
2025-09-28 20:56:37, EXEC, v:1, k:enxugar, mode:FULL, rate:100
2025-09-28 20:56:37, EXEC, v:1, k:enxugar, mode:FULL, rate:100
2025-09-28 20:56:38, EXEC, v:1, k:enxugar, mode:FULL, rate:100
2025-09-28 20:56:38, EXEC, v:1, k:enxugar, mode:FULL, rate:100
2025-09-28 20:56:38, EXEC, v:1, k:enxugar, mode:FULL, rate:100
2025-09-28 20:56:38, EXEC, v:1, k:enxugar, mode:FULL, rate:100
2025-09-28 20:56:39, EXEC, v:1, k:enxugar, mode:FULL, rate:100
2025-09-28 20:56:39, EXEC, v:1, k:enxugar, mode:FULL, rate:100
2025-09-28 20:56:39, EXEC, v:1, k:enxugar, mode:FULL, rate:100
2025-09-28 20:56:39, EXEC, v:1, k:enxugar, mode:FULL, rate:100
2025-09-28 20:56:40, EXEC, v:1, k:enxugar, mode:FULL, rate:100
2025-09-28 20:56:40, EXEC, v:1, k:enxugar, mode:FULL, rate:100
2025-09-28 20:56:40, EXEC, v:1, k:enxugar, mode:FULL, rate:100
2025-09-28 20:56:40, EXEC, v:1, k:enxugar, mode:FULL, rate:100
2025-09-28 20:56:41, EXEC, v:1, k:enxugar, mode:FULL, rate:100
2025-09-28 20:56:41, EXEC, v:1, k:enxugar, mode:FULL, rate:100
2025-09-28 20:56:41, EXEC, v:1, k:enxugar, mode:FULL, rate:100
2025-09-28 20:56:41, EXEC, v:1, k:enxugar, mode:FULL, rate:100
2025-09-28 20:56:42, EXEC, v:1, k:enxugar, mode:FULL, rate:100
2025-09-28 20:56:42, EXEC, v:1, k:enxugar, mode:FULL, rate:100
2025-09-28 20:56:42, EXEC, v:1, k:enxugar, mode:FULL, rate:100
2025-09-28 20:56:42, EXEC, v:1, k:enxugar, mode:FULL, rate:100
2025-09-28 20:56:42, EXEC, v:1, k:enxugar, mode:FULL, rate:100
2025-09-28 20:56:43, EXEC, v:1, k:enxugar, mode:FULL, rate:100
2025-09-28 20:56:43, EXEC, v:1, k:enxugar, mode:FULL, rate:100
2025-09-28 20:56:43, EXEC, v:1, k:enxugar, mode:FULL, rate:100
2025-09-28 20:56:43, EXEC, v:1, k:enxugar, mode:FULL, rate:100
2025-09-28 20:56:44, EXEC, v:1, k:enxugar, mode:FULL, rate:100
2025-09-28 20:56:44, EXEC, v:1, k:enxugar, mode:FULL, rate:100
2025-09-28 20:56:44, EXEC, v:1, k:enxugar, mode:FULL, rate:100
2025-09-28 20:56:44, EXEC, v:1, k:enxugar, mode:FULL, rate:100
2025-09-28 20:56:45, EXEC, v:1, k:enxugar, mode:FULL, rate:100
2025-09-28 20:56:45, EXEC, v:1, k:enxugar, mode:FULL, rate:100
2025-09-28 20:56:45, EXEC, v:1, k:enxugar, mode:FULL, rate:100
2025-09-28 20:56:45, EXEC, v:1, k:enxugar, mode:FULL, rate:100
2025-09-28 20:56:45, EXEC, v:1, k:enxugar, mode:FULL, rate:100
2025-09-28 20:56:46, EXEC, v:1, k:enxugar, mode:FULL, rate:100
2025-09-28 20:56:46, EXEC, v:1, k:enxugar, mode:FULL, rate:100
2025-09-28 20:56:46, EXEC, v:1, k:enxugar, mode:FULL, rate:100
2025-09-28 20:56:46, EXEC, v:1, k:enxugar, mode:FULL, rate:100
2025-09-28 20:56:47, EXEC, v:1, k:enxugar, mode:FULL, rate:100
2025-09-28 20:56:47, EXEC, v:1, k:enxugar, mode:FULL, rate:100
2025-09-28 20:56:47, EXEC, v:1, k:enxugar, mode:FULL, rate:100
2025-09-28 20:56:47, EXEC, v:1, k:enxugar, mode:FULL, rate:100
2025-09-28 20:56:48, EXEC, v:1, k:enxugar, mode:FULL, rate:100
2025-09-28 20:56:48, EXEC, v:1, k:enxugar, mode:FULL, rate:100
2025-09-28 20:56:48, EXEC, v:1, k:enxugar, mode:FULL, rate:100
2025-09-28 20:56:48, EXEC, v:1, k:enxugar, mode:FULL, rate:100
2025-09-28 20:56:49, EXEC, v:1, k:enxugar, mode:FULL, rate:100
2025-09-28 20:56:49, EXEC, v:1, k:enxugar, mode:FULL, rate:100
2025-09-28 20:57:00, EXEC, v:1, k:enxugar, mode:FULL, rate:100
2025-09-28 20:57:10, MOVE, v:1, k:enxugar, mode:BACK
2025-09-28 20:57:16, MOVE, v:1, k:animal, mode:PICK
2025-09-28 20:57:18, EXEC, v:1, k:animal, mode:FULL, rate:0, size:16
2025-09-28 20:57:49, EXEC, v:1, k:animal, mode:FULL, rate:0, size:16
2025-09-28 20:59:02, EXEC, v:1, k:animal, mode:FULL, rate:0, size:16
2025-09-28 21:00:43, EXEC, v:1, k:animal, mode:FULL, rate:0, size:17
2025-09-28 21:00:55, EXEC, v:1, k:animal, mode:FULL, rate:0, size:17
2025-09-28 21:01:10, EXEC, v:1, k:animal, mode:FULL, rate:0
2025-09-28 21:01:28, EXEC, v:1, k:animal, mode:FULL, rate:0, size:17
2025-09-28 21:02:58, MOVE, v:1, k:animal, mode:PICK
2025-09-28 21:02:59, EXEC, v:1, k:animal, mode:FULL, rate:0
2025-09-28 21:04:08, EXEC, v:1, k:animal, mode:FULL, rate:0, size:17
2025-09-28 21:04:23, EXEC, v:1, k:animal, mode:FULL, rate:0, size:17
2025-09-28 21:07:29, EXEC, v:1, k:animal, mode:FULL, rate:0, size:20
2025-09-28 21:07:55, EXEC, v:1, k:animal, mode:FULL, rate:0, size:18
2025-09-28 21:07:56, EXEC, v:1, k:animal, mode:FULL, rate:0
2025-09-28 21:08:26, EXEC, v:1, k:animal, mode:FULL, rate:0, size:21
